<?xml version="1.0" encoding="UTF-8"?>
<!-- Generated by org.testng.reporters.JUnitReportReporter -->
<testsuite hostname="sham" failures="0" tests="1" name="com.simplilearn.restassuredtest.LoginRequestTest" time="2.154" errors="0" timestamp="2024-01-23T10:50:12 IST" skipped="0">
  <testcase classname="com.simplilearn.restassuredtest.LoginRequestTest" name="testOnLoginRequest" time="2.154"/>
</testsuite> <!-- com.simplilearn.restassuredtest.LoginRequestTest -->
