<?xml version="1.0" encoding="UTF-8"?>
<!-- Generated by org.testng.reporters.JUnitReportReporter -->
<testsuite hostname="sham" failures="0" tests="1" name="com.simplilearn.restassuredtest.RegisterRequestTest" time="3.002" errors="0" timestamp="2024-01-23T10:50:45 IST" skipped="0">
  <testcase classname="com.simplilearn.restassuredtest.RegisterRequestTest" name="testresgistrationWithToken" time="3.002"/>
</testsuite> <!-- com.simplilearn.restassuredtest.RegisterRequestTest -->
