<?xml version="1.0" encoding="UTF-8"?>
<!-- Generated by org.testng.reporters.JUnitReportReporter -->
<testsuite hostname="sham" failures="0" tests="3" name="com.simplilearn.restassuredtest.GetUserRequestTest" time="2.979" errors="0" timestamp="2024-01-23T10:49:29 IST" skipped="0">
  <testcase classname="com.simplilearn.restassuredtest.GetUserRequestTest" name="getRequestWithQueryParmsTest" time="0.435"/>
  <testcase classname="com.simplilearn.restassuredtest.GetUserRequestTest" name="getRequestTest" time="2.151"/>
  <testcase classname="com.simplilearn.restassuredtest.GetUserRequestTest" name="getRequestWithUserIdTest" time="0.393"/>
</testsuite> <!-- com.simplilearn.restassuredtest.GetUserRequestTest -->
